This is pdfTeX, Version 3.141592653-2.6-1.40.22 (TeX Live 2021/Arch Linux) (preloaded format=pdflatex 2021.9.23)  18 NOV 2021 21:56
entering extended mode
 \write18 enabled.
 %&-line parsing enabled.
**Innenteil.tex
(./Innenteil.tex
LaTeX2e <2020-10-01> patch level 4
L3 programming layer <2021-02-18>
(/usr/share/texmf-dist/tex/latex/base/article.cls
Document Class: article 2020/04/10 v1.4m Standard LaTeX document class
(/usr/share/texmf-dist/tex/latex/base/size12.clo
File: size12.clo 2020/04/10 v1.4m Standard LaTeX file (size option)
)
\c@part=\count179
\c@section=\count180
\c@subsection=\count181
\c@subsubsection=\count182
\c@paragraph=\count183
\c@subparagraph=\count184
\c@figure=\count185
\c@table=\count186
\abovecaptionskip=\skip47
\belowcaptionskip=\skip48
\bibindent=\dimen138
)
\@input{Pakete.aux}
\openout2 = `Pakete.aux'.

(./Pakete.tex (/usr/share/texmf-dist/tex/latex/base/inputenc.sty
Package: inputenc 2020/08/01 v1.3d Input encoding file
\inpenc@prehook=\toks15
\inpenc@posthook=\toks16
)
(/usr/share/texmf-dist/tex/latex/amsmath/amsmath.sty
Package: amsmath 2020/09/23 v2.17i AMS math features
\@mathmargin=\skip49

For additional information on amsmath, use the `?' option.
(/usr/share/texmf-dist/tex/latex/amsmath/amstext.sty
Package: amstext 2000/06/29 v2.01 AMS text

(/usr/share/texmf-dist/tex/latex/amsmath/amsgen.sty
File: amsgen.sty 1999/11/30 v2.0 generic functions
\@emptytoks=\toks17
\ex@=\dimen139
))
(/usr/share/texmf-dist/tex/latex/amsmath/amsbsy.sty
Package: amsbsy 1999/11/29 v1.2d Bold Symbols
\pmbraise@=\dimen140
)
(/usr/share/texmf-dist/tex/latex/amsmath/amsopn.sty
Package: amsopn 2016/03/08 v2.02 operator names
)
\inf@bad=\count187
LaTeX Info: Redefining \frac on input line 234.
\uproot@=\count188
\leftroot@=\count189
LaTeX Info: Redefining \overline on input line 399.
\classnum@=\count190
\DOTSCASE@=\count191
LaTeX Info: Redefining \ldots on input line 496.
LaTeX Info: Redefining \dots on input line 499.
LaTeX Info: Redefining \cdots on input line 620.
\Mathstrutbox@=\box47
\strutbox@=\box48
\big@size=\dimen141
LaTeX Font Info:    Redeclaring font encoding OML on input line 743.
LaTeX Font Info:    Redeclaring font encoding OMS on input line 744.
\macc@depth=\count192
\c@MaxMatrixCols=\count193
\dotsspace@=\muskip16
\c@parentequation=\count194
\dspbrk@lvl=\count195
\tag@help=\toks18
\row@=\count196
\column@=\count197
\maxfields@=\count198
\andhelp@=\toks19
\eqnshift@=\dimen142
\alignsep@=\dimen143
\tagshift@=\dimen144
\tagwidth@=\dimen145
\totwidth@=\dimen146
\lineht@=\dimen147
\@envbody=\toks20
\multlinegap=\skip50
\multlinetaggap=\skip51
\mathdisplay@stack=\toks21
LaTeX Info: Redefining \[ on input line 2923.
LaTeX Info: Redefining \] on input line 2924.
)
(/usr/share/texmf-dist/tex/latex/amsfonts/amsfonts.sty
Package: amsfonts 2013/01/14 v3.01 Basic AMSFonts support
\symAMSa=\mathgroup4
\symAMSb=\mathgroup5
LaTeX Font Info:    Redeclaring math symbol \hbar on input line 98.
LaTeX Font Info:    Overwriting math alphabet `\mathfrak' in version `bold'
(Font)                  U/euf/m/n --> U/euf/b/n on input line 106.
)
(/usr/share/texmf-dist/tex/latex/amsfonts/amssymb.sty
Package: amssymb 2013/01/14 v3.01 AMS font symbols
)
(/usr/share/texmf-dist/tex/generic/babel/babel.sty
Package: babel 2021/03/24 3.56 The Babel package

(/usr/share/texmf-dist/tex/generic/babel/babel.def
File: babel.def 2021/03/24 3.56 Babel common definitions
\babel@savecnt=\count199
\U@D=\dimen148
\l@babelnohyphens=\language87

(/usr/share/texmf-dist/tex/generic/babel/txtbabel.def)
\bbl@readstream=\read2
)
\bbl@dirlevel=\count266

(/usr/share/texmf-dist/tex/generic/babel-german/ngerman.ldf
Language: ngerman 2021/02/27 v2.13 German support for babel (post-1996 orthogra
phy)

(/usr/share/texmf-dist/tex/generic/babel-german/ngermanb.ldf
Language: ngermanb 2021/02/27 v2.13 German support for babel (post-1996 orthogr
aphy)
Package babel Info: Making " an active character on input line 122.
)))
(/usr/share/texmf-dist/tex/latex/graphics/graphicx.sty
Package: graphicx 2020/09/09 v1.2b Enhanced LaTeX Graphics (DPC,SPQR)

(/usr/share/texmf-dist/tex/latex/graphics/keyval.sty
Package: keyval 2014/10/28 v1.15 key=value parser (DPC)
\KV@toks@=\toks22
)
(/usr/share/texmf-dist/tex/latex/graphics/graphics.sty
Package: graphics 2020/08/30 v1.4c Standard LaTeX Graphics (DPC,SPQR)

(/usr/share/texmf-dist/tex/latex/graphics/trig.sty
Package: trig 2016/01/03 v1.10 sin cos tan (DPC)
)
(/usr/share/texmf-dist/tex/latex/graphics-cfg/graphics.cfg
File: graphics.cfg 2016/06/04 v1.11 sample graphics configuration
)
Package graphics Info: Driver file: pdftex.def on input line 105.

(/usr/share/texmf-dist/tex/latex/graphics-def/pdftex.def
File: pdftex.def 2020/10/05 v1.2a Graphics/color driver for pdftex
))
\Gin@req@height=\dimen149
\Gin@req@width=\dimen150
)
(/usr/share/texmf-dist/tex/latex/microtype/microtype.sty
Package: microtype 2021/03/14 v2.8c Micro-typographical refinements (RS)
\MT@toks=\toks23
\MT@count=\count267
LaTeX Info: Redefining \textls on input line 790.
\MT@outer@kern=\dimen151
LaTeX Info: Redefining \textmicrotypecontext on input line 1374.
\MT@listname@count=\count268

(/usr/share/texmf-dist/tex/latex/microtype/microtype-pdftex.def
File: microtype-pdftex.def 2021/03/14 v2.8c Definitions specific to pdftex (RS)

LaTeX Info: Redefining \lsstyle on input line 915.
LaTeX Info: Redefining \lslig on input line 915.
\MT@outer@space=\skip52
)
Package microtype Info: Loading configuration file microtype.cfg.

(/usr/share/texmf-dist/tex/latex/microtype/microtype.cfg
File: microtype.cfg 2021/03/14 v2.8c microtype main configuration file (RS)
))
(/usr/share/texmf-dist/tex/latex/mdwtools/footnote.sty
Package: footnote 1997/01/28 1.13 Save footnotes around boxes
\fn@notes=\box49
\fn@width=\dimen152
)
(/usr/share/texmf-dist/tex/latex/blindtext/blindtext.sty
Package: blindtext 2012/01/06 V2.0 blindtext-Package

(/usr/share/texmf-dist/tex/latex/tools/xspace.sty
Package: xspace 2014/10/28 v1.13 Space after command names (DPC,MH)
)
\c@blindtext=\count269
\c@Blindtext=\count270
\c@blind@countparstart=\count271
\blind@countxx=\count272
\blindtext@numBlindtext=\count273
\blind@countyy=\count274
\c@blindlist=\count275
\c@blindlistlevel=\count276
\c@blindlist@level=\count277
\blind@listitem=\count278
\c@blind@listcount=\count279
\c@blind@levelcount=\count280
\blind@mathformula=\count281
\blind@Mathformula=\count282
\c@blind@randomcount=\count283
\c@blind@randommax=\count284
\c@blind@pangramcount=\count285
\c@blind@pangrammax=\count286
)
(/usr/share/texmf-dist/tex/latex/etoolbox/etoolbox.sty
Package: etoolbox 2020/10/05 v2.5k e-TeX tools for LaTeX (JAW)
\etb@tempcnta=\count287
)
(/usr/share/texmf-dist/tex/latex/lettrine/lettrine.sty
File: lettrine.sty 2020-03-14 v2.23 (Daniel Flipo)

(/usr/share/texmf-dist/tex/generic/minifp/minifp.sty
Package: minifp 2013/12/30 v0.96. Macros for real number operations and a stack
-based programing language.
\MFP@loopctr=\count288
)
\c@DefaultLines=\count289
\c@DefaultDepth=\count290
\DefaultFindent=\dimen153
\DefaultNindent=\dimen154
\DefaultSlope=\dimen155
\DiscardVskip=\dimen156
\L@lbox=\box50
\L@tbox=\box51
\c@L@lines=\count291
\c@L@depth=\count292
\L@Pindent=\dimen157
\L@Findent=\dimen158
\L@Nindent=\dimen159
\L@lraise=\dimen160
\L@first=\dimen161
\L@next=\dimen162
\L@slope=\dimen163
\L@height=\dimen164
\L@novskip=\dimen165
\L@target@ht=\dimen166
\L@target@dp=\dimen167
\L@target@tht=\dimen168
\LettrineWidth=\dimen169
\LettrineHeight=\dimen170
\LettrineDepth=\dimen171
\Llist@everypar=\toks24

Loading lettrine.cfg
(/usr/share/texmf-dist/tex/latex/lettrine/lettrine.cfg))
(/usr/share/texmf-dist/tex/latex/hyperref/hyperref.sty
Package: hyperref 2021-02-27 v7.00k Hypertext links for LaTeX

(/usr/share/texmf-dist/tex/generic/ltxcmds/ltxcmds.sty
Package: ltxcmds 2020-05-10 v1.25 LaTeX kernel commands for general use (HO)
)
(/usr/share/texmf-dist/tex/generic/iftex/iftex.sty
Package: iftex 2020/03/06 v1.0d TeX engine tests
)
(/usr/share/texmf-dist/tex/generic/pdftexcmds/pdftexcmds.sty
Package: pdftexcmds 2020-06-27 v0.33 Utility functions of pdfTeX for LuaTeX (HO
)

(/usr/share/texmf-dist/tex/generic/infwarerr/infwarerr.sty
Package: infwarerr 2019/12/03 v1.5 Providing info/warning/error messages (HO)
)
Package pdftexcmds Info: \pdf@primitive is available.
Package pdftexcmds Info: \pdf@ifprimitive is available.
Package pdftexcmds Info: \pdfdraftmode found.
)
(/usr/share/texmf-dist/tex/generic/kvsetkeys/kvsetkeys.sty
Package: kvsetkeys 2019/12/15 v1.18 Key value parser (HO)
)
(/usr/share/texmf-dist/tex/generic/kvdefinekeys/kvdefinekeys.sty
Package: kvdefinekeys 2019-12-19 v1.6 Define keys (HO)
)
(/usr/share/texmf-dist/tex/generic/pdfescape/pdfescape.sty
Package: pdfescape 2019/12/09 v1.15 Implements pdfTeX's escape features (HO)
)
(/usr/share/texmf-dist/tex/latex/hycolor/hycolor.sty
Package: hycolor 2020-01-27 v1.10 Color options for hyperref/bookmark (HO)
)
(/usr/share/texmf-dist/tex/latex/letltxmacro/letltxmacro.sty
Package: letltxmacro 2019/12/03 v1.6 Let assignment for LaTeX macros (HO)
)
(/usr/share/texmf-dist/tex/latex/auxhook/auxhook.sty
Package: auxhook 2019-12-17 v1.6 Hooks for auxiliary files (HO)
)
(/usr/share/texmf-dist/tex/latex/kvoptions/kvoptions.sty
Package: kvoptions 2020-10-07 v3.14 Key value format for package options (HO)
)
\@linkdim=\dimen172
\Hy@linkcounter=\count293
\Hy@pagecounter=\count294

(/usr/share/texmf-dist/tex/latex/hyperref/pd1enc.def
File: pd1enc.def 2021-02-27 v7.00k Hyperref: PDFDocEncoding definition (HO)
Now handling font encoding PD1 ...
... no UTF-8 mapping file for font encoding PD1
)
(/usr/share/texmf-dist/tex/latex/hyperref/hyperref-langpatches.def
File: hyperref-langpatches.def 2021-02-27 v7.00k Hyperref: patches for babel la
nguages
)
(/usr/share/texmf-dist/tex/generic/intcalc/intcalc.sty
Package: intcalc 2019/12/15 v1.3 Expandable calculations with integers (HO)
)
(/usr/share/texmf-dist/tex/generic/etexcmds/etexcmds.sty
Package: etexcmds 2019/12/15 v1.7 Avoid name clashes with e-TeX commands (HO)
)
\Hy@SavedSpaceFactor=\count295

(/usr/share/texmf-dist/tex/latex/hyperref/puenc.def
File: puenc.def 2021-02-27 v7.00k Hyperref: PDF Unicode definition (HO)
Now handling font encoding PU ...
... no UTF-8 mapping file for font encoding PU
)
Package hyperref Info: Hyper figures OFF on input line 4192.
Package hyperref Info: Link nesting OFF on input line 4197.
Package hyperref Info: Hyper index ON on input line 4200.
Package hyperref Info: Plain pages OFF on input line 4207.
Package hyperref Info: Backreferencing OFF on input line 4212.
Package hyperref Info: Implicit mode ON; LaTeX internals redefined.
Package hyperref Info: Bookmarks ON on input line 4445.
\c@Hy@tempcnt=\count296

(/usr/share/texmf-dist/tex/latex/url/url.sty
\Urlmuskip=\muskip17
Package: url 2013/09/16  ver 3.4  Verb mode for urls, etc.
)
LaTeX Info: Redefining \url on input line 4804.
\XeTeXLinkMargin=\dimen173

(/usr/share/texmf-dist/tex/generic/bitset/bitset.sty
Package: bitset 2019/12/09 v1.3 Handle bit-vector datatype (HO)

(/usr/share/texmf-dist/tex/generic/bigintcalc/bigintcalc.sty
Package: bigintcalc 2019/12/15 v1.5 Expandable calculations on big integers (HO
)
))
\Fld@menulength=\count297
\Field@Width=\dimen174
\Fld@charsize=\dimen175
Package hyperref Info: Hyper figures OFF on input line 6075.
Package hyperref Info: Link nesting OFF on input line 6080.
Package hyperref Info: Hyper index ON on input line 6083.
Package hyperref Info: backreferencing OFF on input line 6090.
Package hyperref Info: Link coloring OFF on input line 6095.
Package hyperref Info: Link coloring with OCG OFF on input line 6100.
Package hyperref Info: PDF/A mode OFF on input line 6105.
LaTeX Info: Redefining \ref on input line 6145.
LaTeX Info: Redefining \pageref on input line 6149.

(/usr/share/texmf-dist/tex/latex/base/atbegshi-ltx.sty
Package: atbegshi-ltx 2020/08/17 v1.0a Emulation of the original atbegshi packa
ge
with kernel methods
)
\Hy@abspage=\count298
\c@Item=\count299
\c@Hfootnote=\count300
)
Package hyperref Info: Driver (autodetected): hpdftex.

(/usr/share/texmf-dist/tex/latex/hyperref/hpdftex.def
File: hpdftex.def 2021-02-27 v7.00k Hyperref driver for pdfTeX

(/usr/share/texmf-dist/tex/latex/base/atveryend-ltx.sty
Package: atveryend-ltx 2020/08/19 v1.0a Emulation of the original atvery packag
e
with kernel methods
)
\Fld@listcount=\count301
\c@bookmark@seq@number=\count302

(/usr/share/texmf-dist/tex/latex/rerunfilecheck/rerunfilecheck.sty
Package: rerunfilecheck 2019/12/05 v1.9 Rerun checks for auxiliary files (HO)

(/usr/share/texmf-dist/tex/generic/uniquecounter/uniquecounter.sty
Package: uniquecounter 2019/12/15 v1.4 Provide unlimited unique counter (HO)
)
Package uniquecounter Info: New unique counter `rerunfilecheck' on input line 2
86.
)
\Hy@SectionHShift=\skip53
)
(/usr/share/texmf-dist/tex/latex/csquotes/csquotes.sty
Package: csquotes 2021-02-22 v5.2l context-sensitive quotations (JAW)
\csq@reset=\count303
\csq@gtype=\count304
\csq@glevel=\count305
\csq@qlevel=\count306
\csq@maxlvl=\count307
\csq@tshold=\count308
\csq@ltx@everypar=\toks25

(/usr/share/texmf-dist/tex/latex/csquotes/csquotes.def
File: csquotes.def 2021-02-22 v5.2l csquotes generic definitions (JAW)
)
Package csquotes Info: Trying to load configuration file 'csquotes.cfg'...
Package csquotes Info: ... configuration file loaded successfully.

(/usr/share/texmf-dist/tex/latex/csquotes/csquotes.cfg
File: csquotes.cfg 
))
(/usr/share/texmf-dist/tex/latex/acro/acro.sty
(/usr/share/texmf-dist/tex/latex/l3packages/l3keys2e/l3keys2e.sty
(/usr/share/texmf-dist/tex/latex/l3kernel/expl3.sty
Package: expl3 2021-02-18 L3 programming layer (loader) 

(/usr/share/texmf-dist/tex/latex/l3backend/l3backend-pdftex.def
File: l3backend-pdftex.def 2021-03-18 L3 backend support: PDF output (pdfTeX)
\l__color_backend_stack_int=\count309
\l__pdf_internal_box=\box52
))
Package: l3keys2e 2021-03-12 LaTeX2e option processing using LaTeX3 keys
)
Package: acro 2021/01/16 v3.5 typeset acronyms and other abbreviations (CN)
\g__acro_version_int=\count310
\l__acro_tmpa_int=\count311
\l__acro_tmpb_int=\count312
\l__acro_tmpc_int=\count313
\l__acro_tmpd_int=\count314

LaTeX3 Info: Defining command \AcroStyle with sig. 'smO{}' on line 442.

Loading module `base' ...
Loading module `interface' ...

LaTeX3 Info: Defining command \AcroAddRow with sig. '+m' on line 644.


LaTeX3 Info: Defining command \AcroRerun with sig. '' on line 647.


LaTeX3 Info: Defining command \AcroPropertiesMap with sig. '+m' on line 650.


LaTeX3 Info: Defining command \AcroAcronymsMap with sig. '+m' on line 653.


LaTeX3 Info: Defining command \AcroMapBreak with sig. '' on line 655.


LaTeX3 Info: Defining command \AcroPropertiesSet with sig. 'm+m' on line 658.


LaTeX3 Info: Defining command \AcroMap with sig. 'm+m' on line 661.


LaTeX3 Info: Defining command \AcroNeedPackage with sig. 'm' on line 670.


LaTeX3 Info: Defining command \acsetup with sig. '+m' on line 675.


LaTeX3 Info: Defining command \acroloadstyle with sig. 'm' on line 678.


LaTeX3 Info: Defining command \acroifstarredTF with sig. '' on line 681.


LaTeX3 Info: Defining command \acroifstarredT with sig. '' on line 684.


LaTeX3 Info: Defining command \acroifstarredF with sig. '' on line 687.


LaTeX3 Info: Defining command \acroifusedTF with sig. 'm' on line 690.


LaTeX3 Info: Defining command \acroifusedT with sig. 'm' on line 693.


LaTeX3 Info: Defining command \acroifusedF with sig. 'm' on line 696.


LaTeX3 Info: Defining command \acuse with sig. 'm' on line 699.


LaTeX3 Info: Defining command \acuseall with sig. '' on line 702.


LaTeX3 Info: Defining command \acreset with sig. 'm' on line 705.


LaTeX3 Info: Defining command \acresetall with sig. '' on line 708.


LaTeX3 Info: Defining command \acsimple with sig. 'mm' on line 711.


LaTeX3 Info: Defining command \acbarrier with sig. '' on line 714.


LaTeX3 Info: Defining command \acswitchoff with sig. '' on line 717.


LaTeX3 Info: Defining command \acswitchon with sig. '' on line 720.


LaTeX3 Info: Defining command \DeclareAcroProperty with sig. 'st?t!t|t>m' on
(LaTeX3)     line 734.


LaTeX3 Info: Defining command \DeclareAcroPropertyAlias with sig.
(LaTeX3)     'st?t!t|t>mm' on line 748.


LaTeX3 Info: Defining command \MakeAcroPropertyAlias with sig. 'mm' on line
(LaTeX3)     751.


LaTeX3 Info: Defining command \NewAcroPreset with sig. 'm+m' on line 754.


LaTeX3 Info: Defining command \RenewAcroPreset with sig. 'm+m' on line 757.


LaTeX3 Info: Defining command \DeclareAcroPreset with sig. 'm+m' on line 760.


LaTeX3 Info: Defining command \UseAcroTemplate with sig. 'O{acronym}mO{1}' on
(LaTeX3)     line 764.


LaTeX3 Info: Defining command \NewAcroTemplate with sig. 'O{acronym}m+m' on
(LaTeX3)     line 767.


LaTeX3 Info: Defining command \RenewAcroTemplate with sig. 'O{acronym}m+m' on
(LaTeX3)     line 770.


LaTeX3 Info: Defining command \SetupAcroTemplate with sig. 'O{acronym}m+m' on
(LaTeX3)     line 773.


LaTeX3 Info: Defining command \SetupNextAcroTemplate with sig. 'O{acronym}m+m'
(LaTeX3)     on line 776.


LaTeX3 Info: Defining command \DeclareAcronym with sig. 'm+m' on line 779.


LaTeX3 Info: Defining command \DeclareAcroEnding with sig. 'mmm' on line 782.


LaTeX3 Info: Defining command \DeclareAcroArticle with sig. 'mm' on line 785.


LaTeX3 Info: Defining command \DeclareAcroTranslation with sig. 'm+m' on line
(LaTeX3)     788.


LaTeX3 Info: Defining command \AddAcroTranslations with sig. 'm+m' on line
(LaTeX3)     791.


LaTeX3 Info: Defining command \acrotranslate with sig. 'm' on line 794.


LaTeX3 Info: Defining command \aciftrailing with sig. '' on line 797.


LaTeX3 Info: Defining command \acfootnote with sig. 'm' on line 800.


LaTeX3 Info: Defining command \acgobbletrail with sig. '' on line 803.


LaTeX3 Info: Defining command \acdot with sig. '' on line 805.


LaTeX3 Info: Defining command \acspace with sig. '' on line 806.


LaTeX3 Info: Defining command \abbrdot with sig. '' on line 807.


LaTeX3 Info: Defining command \acroupper with sig. '' on line 809.


LaTeX3 Info: Defining command \acrofull with sig. '' on line 810.


LaTeX3 Info: Defining command \printacronyms with sig. 'o' on line 819.


LaTeX3 Info: Defining command \acroheading with sig. '' on line 823.


LaTeX3 Info: Defining command \acropreamble with sig. '' on line 824.


LaTeX3 Info: Defining command \acropostamble with sig. '' on line 825.


LaTeX3 Info: Defining command \acrolistname with sig. '' on line 828.


LaTeX3 Info: Defining command \acronymsmapTF with sig. '+m+m+m' on line 841.


LaTeX3 Info: Defining command \acronymsmapT with sig. '+m+m' on line 844.


LaTeX3 Info: Defining command \acronymsmapF with sig. '+m+m' on line 847.


LaTeX3 Info: Defining command \acronymsmap with sig. '+m' on line 850.


LaTeX3 Info: Defining command \acrofield with sig. 'mm' on line 853.


LaTeX3 Info: Defining command \acroprintfield with sig. 'mm' on line 863.


LaTeX3 Info: Defining command \acroiffieldTF with sig. '+m+m+m+m' on line 866.


LaTeX3 Info: Defining command \acroifanyfieldTF with sig. 'mm+m+m' on line
(LaTeX3)     869.


LaTeX3 Info: Defining command \acroifallfieldsTF with sig. 'mm+m+m' on line
(LaTeX3)     872.


LaTeX3 Info: Defining command \acroifpagefieldTF with sig. 'm' on line 875.


LaTeX3 Info: Defining command \acrowrite with sig. 'm' on line 878.


LaTeX3 Info: Defining command \acroshow with sig. 'm' on line 881.


LaTeX3 Info: Defining command \acrodonotuse with sig. '' on line 884.


LaTeX3 Info: Defining command \acroformat with sig. 'mm' on line 887.


LaTeX3 Info: Defining command \acrogroupcite with sig. '' on line 898.


LaTeX3 Info: Defining command \acrocite with sig. '' on line 901.


LaTeX3 Info: Defining command \acroifpropertyTF with sig. 'm' on line 904.


LaTeX3 Info: Defining command \acroifpropertyT with sig. 'm' on line 907.


LaTeX3 Info: Defining command \acroifpropertyF with sig. 'm' on line 910.


LaTeX3 Info: Defining command \acroifbooleanTF with sig. 'm' on line 913.


LaTeX3 Info: Defining command \acroifbooleanT with sig. 'm' on line 916.


LaTeX3 Info: Defining command \acroifbooleanF with sig. 'm' on line 919.


LaTeX3 Info: Defining command \acroifTF with sig. 'm' on line 922.


LaTeX3 Info: Defining command \acroifT with sig. 'm' on line 924.


LaTeX3 Info: Defining command \acroifF with sig. 'm' on line 926.


LaTeX3 Info: Defining command \acroifanyTF with sig. 'm+m+m' on line 929.


LaTeX3 Info: Defining command \acroifanyT with sig. 'm+m' on line 931.


LaTeX3 Info: Defining command \acroifanyF with sig. 'm+m' on line 933.


LaTeX3 Info: Defining command \acroifallTF with sig. 'm+m+m' on line 936.


LaTeX3 Info: Defining command \acroifallT with sig. 'm+m' on line 938.


LaTeX3 Info: Defining command \acroifallF with sig. 'm+m' on line 940.


LaTeX3 Info: Defining command \acroifsingleTF with sig. '+m+m' on line 943.


LaTeX3 Info: Defining command \acroifsingleT with sig. '+m' on line 945.


LaTeX3 Info: Defining command \acroifsingleF with sig. '+m' on line 947.


LaTeX3 Info: Defining command \acroiffirstTF with sig. '+m+m' on line 950.


LaTeX3 Info: Defining command \acroiffirstT with sig. '+m' on line 952.


LaTeX3 Info: Defining command \acroiffirstF with sig. '+m' on line 954.


LaTeX3 Info: Defining command \acroiftagTF with sig. 'm+m+m' on line 957.


LaTeX3 Info: Defining command \acroiftagT with sig. 'm+m' on line 959.


LaTeX3 Info: Defining command \acroiftagF with sig. 'm+m' on line 961.


LaTeX3 Info: Defining command \acropages with sig. 'mm' on line 964.


LaTeX3 Info: Defining command \acronopagerange with sig. '' on line 967.


LaTeX3 Info: Defining command \acroneedpages with sig. '' on line 970.


LaTeX3 Info: Defining command \acropagefill with sig. '' on line 973.


LaTeX3 Info: Defining command \acrodotfill with sig. '' on line 975.


LaTeX3 Info: Defining command \acroifpagesTF with sig. '' on line 978.


LaTeX3 Info: Defining command \acroifpagesT with sig. '' on line 981.


LaTeX3 Info: Defining command \acroifpagesF with sig. '' on line 984.


LaTeX3 Info: Defining command \acroifchapterTF with sig. '' on line 987.


LaTeX3 Info: Defining command \acroifchapterT with sig. '' on line 990.


LaTeX3 Info: Defining command \acroifchapterF with sig. '' on line 993.

Loading module `aux' ...
Loading module `properties' ...
Loading module `acronyms' ...
Loading module `formatting' ...
Loading module `ppfixes' ...
Loading module `tools' ...
\l__acro_minimal_usage_int=\count315
\l__acro_nest_int=\count316
\g_acro_barrier_int=\count317
\g_acro_barrier_total_int=\count318
Loading module `commands' ...

LaTeX3 Info: Defining command \NewAcroCommand with sig. 'mm+m' on line 3333.


LaTeX3 Info: Defining command \RenewAcroCommand with sig. 'mm+m' on line 3338.


LaTeX3 Info: Defining command \DeclareAcroCommand with sig. 'mm+m' on line
(LaTeX3)     3343.


LaTeX3 Info: Defining command \ProvideAcroCommand with sig. 'mm+m' on line
(LaTeX3)     3348.

Loading module `templates' ...
Loading module `list' ...
Loading module `pages' ...
\l__acro_pages_seq_threshold_int=\count319
Loading module `locale' ...

(/usr/share/texmf-dist/tex/latex/translations/translations.sty
Package: translations 2021/01/17 v1.10a internationalization of LaTeX2e package
s (CN)
)
Loading module `pdfsupport' ...
Loading module `patch' ...
Loading module `definitions' ...

LaTeX3 Info: Defining command \baseac with sig. 'm' on line 5116.


LaTeX3 Info: Defining command \ac with sig. 'so' on line 5116.


LaTeX3 Info: Defining command \baseacp with sig. 'm' on line 5118.


LaTeX3 Info: Defining command \acp with sig. 'so' on line 5118.


LaTeX3 Info: Defining command \baseiac with sig. 'm' on line 5120.


LaTeX3 Info: Defining command \iac with sig. 'so' on line 5120.


LaTeX3 Info: Defining command \baseAc with sig. 'm' on line 5122.


LaTeX3 Info: Defining command \Ac with sig. 'so' on line 5122.


LaTeX3 Info: Defining command \baseAcp with sig. 'm' on line 5124.


LaTeX3 Info: Defining command \Acp with sig. 'so' on line 5124.


LaTeX3 Info: Defining command \baseIac with sig. 'm' on line 5126.


LaTeX3 Info: Defining command \Iac with sig. 'so' on line 5126.


LaTeX3 Info: Defining command \baseacs with sig. 'm' on line 5129.


LaTeX3 Info: Defining command \acs with sig. 'so' on line 5129.


LaTeX3 Info: Defining command \baseacsp with sig. 'm' on line 5131.


LaTeX3 Info: Defining command \acsp with sig. 'so' on line 5131.


LaTeX3 Info: Defining command \baseiacs with sig. 'm' on line 5133.


LaTeX3 Info: Defining command \iacs with sig. 'so' on line 5133.


LaTeX3 Info: Defining command \baseAcs with sig. 'm' on line 5135.


LaTeX3 Info: Defining command \Acs with sig. 'so' on line 5135.


LaTeX3 Info: Defining command \baseAcsp with sig. 'm' on line 5137.


LaTeX3 Info: Defining command \Acsp with sig. 'so' on line 5137.


LaTeX3 Info: Defining command \baseIacs with sig. 'm' on line 5139.


LaTeX3 Info: Defining command \Iacs with sig. 'so' on line 5139.


LaTeX3 Info: Defining command \baseacl with sig. 'm' on line 5142.


LaTeX3 Info: Defining command \acl with sig. 'so' on line 5142.


LaTeX3 Info: Defining command \baseaclp with sig. 'm' on line 5144.


LaTeX3 Info: Defining command \aclp with sig. 'so' on line 5144.


LaTeX3 Info: Defining command \baseiacl with sig. 'm' on line 5146.


LaTeX3 Info: Defining command \iacl with sig. 'so' on line 5146.


LaTeX3 Info: Defining command \baseAcl with sig. 'm' on line 5148.


LaTeX3 Info: Defining command \Acl with sig. 'so' on line 5148.


LaTeX3 Info: Defining command \baseAclp with sig. 'm' on line 5150.


LaTeX3 Info: Defining command \Aclp with sig. 'so' on line 5150.


LaTeX3 Info: Defining command \baseIacl with sig. 'm' on line 5152.


LaTeX3 Info: Defining command \Iacl with sig. 'so' on line 5152.


LaTeX3 Info: Defining command \baseaca with sig. 'm' on line 5155.


LaTeX3 Info: Defining command \aca with sig. 'so' on line 5155.


LaTeX3 Info: Defining command \baseacap with sig. 'm' on line 5157.


LaTeX3 Info: Defining command \acap with sig. 'so' on line 5157.


LaTeX3 Info: Defining command \baseiaca with sig. 'm' on line 5159.


LaTeX3 Info: Defining command \iaca with sig. 'so' on line 5159.


LaTeX3 Info: Defining command \baseAca with sig. 'm' on line 5161.


LaTeX3 Info: Defining command \Aca with sig. 'so' on line 5161.


LaTeX3 Info: Defining command \baseAcap with sig. 'm' on line 5163.


LaTeX3 Info: Defining command \Acap with sig. 'so' on line 5163.


LaTeX3 Info: Defining command \baseIaca with sig. 'm' on line 5165.


LaTeX3 Info: Defining command \Iaca with sig. 'so' on line 5165.


LaTeX3 Info: Defining command \baseacf with sig. 'm' on line 5168.


LaTeX3 Info: Defining command \acf with sig. 'so' on line 5168.


LaTeX3 Info: Defining command \baseacfp with sig. 'm' on line 5170.


LaTeX3 Info: Defining command \acfp with sig. 'so' on line 5170.


LaTeX3 Info: Defining command \baseiacf with sig. 'm' on line 5172.


LaTeX3 Info: Defining command \iacf with sig. 'so' on line 5172.


LaTeX3 Info: Defining command \baseAcf with sig. 'm' on line 5174.


LaTeX3 Info: Defining command \Acf with sig. 'so' on line 5174.


LaTeX3 Info: Defining command \baseAcfp with sig. 'm' on line 5176.


LaTeX3 Info: Defining command \Acfp with sig. 'so' on line 5176.


LaTeX3 Info: Defining command \baseIacf with sig. 'm' on line 5178.


LaTeX3 Info: Defining command \Iacf with sig. 'so' on line 5178.


LaTeX3 Info: Defining command \baseacshow with sig. 'm' on line 5181.


LaTeX3 Info: Defining command \acshow with sig. 'so' on line 5181.


LaTeX3 Info: Defining command \acroplural with sig. '' on line 5184.


LaTeX3 Info: Defining command \acroindefinite with sig. '' on line 5186.


LaTeX3 Info: Defining command \nospace with sig. '' on line 5188.

Loading module `upgrade' ...
)
(/usr/share/texmf-dist/tex/latex/setspace/setspace.sty
Package: setspace 2011/12/19 v6.7a set line spacing
)
(/usr/share/texmf-dist/tex/latex/geometry/geometry.sty
Package: geometry 2020/01/02 v5.9 Page Geometry

(/usr/share/texmf-dist/tex/generic/iftex/ifvtex.sty
Package: ifvtex 2019/10/25 v1.7 ifvtex legacy package. Use iftex instead.
)
\Gm@cnth=\count320
\Gm@cntv=\count321
\c@Gm@tempcnt=\count322
\Gm@bindingoffset=\dimen176
\Gm@wd@mp=\dimen177
\Gm@odd@mp=\dimen178
\Gm@even@mp=\dimen179
\Gm@layoutwidth=\dimen180
\Gm@layoutheight=\dimen181
\Gm@layouthoffset=\dimen182
\Gm@layoutvoffset=\dimen183
\Gm@dimlist=\toks26
)
(/usr/share/texmf-dist/tex/latex/germbib/bibgerm.sty
Package: bibgerm 2000/08/18 v0.1 Support for mixed language bibliographies

** Macros for german `BibTeX'ing added to Style Option `german' 20 Apr 1993 **
** idea and languages `german' and `USenglish' implemented by M. Wallmeier **
** Modified for LaTeX 2e and german.sty 2.5b by A. Scherer 1 Nov 1995 **
** Modified for ngerman.sty and babel.sty by H. Harders 21 August 2000 **)
(/usr/share/texmf-dist/tex/latex/tools/tabularx.sty
Package: tabularx 2020/01/15 v2.11c `tabularx' package (DPC)

(/usr/share/texmf-dist/tex/latex/tools/array.sty
Package: array 2020/10/01 v2.5c Tabular extension package (FMi)
\col@sep=\dimen184
\ar@mcellbox=\box53
\extrarowheight=\dimen185
\NC@list=\toks27
\extratabsurround=\skip54
\backup@length=\skip55
\ar@cellbox=\box54
)
\TX@col@width=\dimen186
\TX@old@table=\dimen187
\TX@old@col=\dimen188
\TX@target=\dimen189
\TX@delta=\dimen190
\TX@cols=\count323
\TX@ftn=\toks28
)
(/usr/share/texmf-dist/tex/latex/adjustbox/adjustbox.sty
Package: adjustbox 2020/08/19 v1.3 Adjusting TeX boxes (trim, clip, ...)

(/usr/share/texmf-dist/tex/latex/xkeyval/xkeyval.sty
Package: xkeyval 2020/11/20 v2.8 package option processing (HA)

(/usr/share/texmf-dist/tex/generic/xkeyval/xkeyval.tex
(/usr/share/texmf-dist/tex/generic/xkeyval/xkvutils.tex
\XKV@toks=\toks29
\XKV@tempa@toks=\toks30
)
\XKV@depth=\count324
File: xkeyval.tex 2014/12/03 v2.7a key=value parser (HA)
))
(/usr/share/texmf-dist/tex/latex/adjustbox/adjcalc.sty
Package: adjcalc 2012/05/16 v1.1 Provides advanced setlength with multiple back
-ends (calc, etex, pgfmath)
)
(/usr/share/texmf-dist/tex/latex/adjustbox/trimclip.sty
Package: trimclip 2020/08/19 v1.2 Trim and clip general TeX material

(/usr/share/texmf-dist/tex/latex/collectbox/collectbox.sty
Package: collectbox 2012/05/17 v0.4b Collect macro arguments as boxes
\collectedbox=\box55
)
\tc@llx=\dimen191
\tc@lly=\dimen192
\tc@urx=\dimen193
\tc@ury=\dimen194
Package trimclip Info: Using driver 'tc-pdftex.def'.

(/usr/share/texmf-dist/tex/latex/adjustbox/tc-pdftex.def
File: tc-pdftex.def 2019/01/04 v2.2 Clipping driver for pdftex
))
\adjbox@Width=\dimen195
\adjbox@Height=\dimen196
\adjbox@Depth=\dimen197
\adjbox@Totalheight=\dimen198
\adjbox@pwidth=\dimen199
\adjbox@pheight=\dimen256
\adjbox@pdepth=\dimen257
\adjbox@ptotalheight=\dimen258

(/usr/share/texmf-dist/tex/latex/ifoddpage/ifoddpage.sty
Package: ifoddpage 2016/04/23 v1.1 Conditionals for odd/even page detection
\c@checkoddpage=\count325
)
(/usr/share/texmf-dist/tex/latex/varwidth/varwidth.sty
Package: varwidth 2009/03/30 ver 0.92;  Variable-width minipages
\@vwid@box=\box56
\sift@deathcycles=\count326
\@vwid@loff=\dimen259
\@vwid@roff=\dimen260
))
(/usr/share/texmf-dist/tex/latex/cite/cite.sty
LaTeX Info: Redefining \cite on input line 302.
LaTeX Info: Redefining \nocite on input line 332.
Package: cite 2015/02/27  v 5.5
)
(/usr/share/texmf-dist/tex/latex/graphics/epsfig.sty
Package: epsfig 2017/06/25 v1.7b (e)psfig emulation (SPQR)
\epsfxsize=\dimen261
\epsfysize=\dimen262
)
(/usr/share/texmf-dist/tex/latex/tools/longtable.sty
Package: longtable 2020/01/07 v4.13 Multi-page Table package (DPC)
\LTleft=\skip56
\LTright=\skip57
\LTpre=\skip58
\LTpost=\skip59
\LTchunksize=\count327
\LTcapwidth=\dimen263
\LT@head=\box57
\LT@firsthead=\box58
\LT@foot=\box59
\LT@lastfoot=\box60
\LT@cols=\count328
\LT@rows=\count329
\c@LT@tables=\count330
\c@LT@chunks=\count331
\LT@p@ftn=\toks31
)
(/usr/share/texmf-dist/tex/latex/tools/dcolumn.sty
Package: dcolumn 2014/10/28 v1.06 decimal alignment package (DPC)
)
(/usr/share/texmf-dist/tex/latex/here/here.sty)
(/usr/share/texmf-dist/tex/latex/float/float.sty
Package: float 2001/11/08 v1.3d Float enhancements (AL)
\c@float@type=\count332
\float@exts=\toks32
\float@box=\box61
\@float@everytoks=\toks33
\@floatcapt=\box62
)
(/usr/share/texmf-dist/tex/latex/floatflt/floatflt.sty
Package: floatflt 1997/07/16 v. 1.31
\c@OptionTest=\count333
\figbox=\box63
\tabbox=\box64
\pagebox=\box65
\ffigcount=\count334
\ftabcount=\count335
\fftest=\count336
\hangcount=\count337
\nosuccesstryfig=\count338
\nosuccesstrytab=\count339
\figgutter=\dimen264
\tabgutter=\dimen265
\htdone=\dimen266
\pageht=\dimen267
\startpageht=\dimen268
\tabbredd=\dimen269
\floatfltwidth=\dimen270
\fltitemwidth=\dimen271
\outputpretest=\toks34
)
(/usr/share/texmf-dist/tex/latex/doublestroke/dsfont.sty
Package: dsfont 1995/08/01 v0.1 Double stroke roman fonts
)
(/usr/share/texmf-dist/tex/latex/epstopdf-pkg/epstopdf.sty
Package: epstopdf 2020-01-24 v2.11 Conversion with epstopdf on the fly (HO)

(/usr/share/texmf-dist/tex/latex/grfext/grfext.sty
Package: grfext 2019/12/03 v1.3 Manage graphics extensions (HO)
)
(/usr/share/texmf-dist/tex/latex/epstopdf-pkg/epstopdf-base.sty
Package: epstopdf-base 2020-01-24 v2.11 Base part for package epstopdf
Package epstopdf-base Info: Redefining graphics rule for `.eps' on input line 4
85.
Package grfext Info: Graphics extension search list:
(grfext)             [.pdf,.png,.jpg,.mps,.jpeg,.jbig2,.jb2,.PDF,.PNG,.JPG,.JPE
G,.JBIG2,.JB2,.eps]
(grfext)             \AppendGraphicsExtensions on input line 504.

(/usr/share/texmf-dist/tex/latex/latexconfig/epstopdf-sys.cfg
File: epstopdf-sys.cfg 2010/07/13 v1.3 Configuration of (r)epstopdf for TeX Liv
e
)))
(/usr/share/texmf-dist/tex/latex/xcolor/xcolor.sty
Package: xcolor 2016/05/11 v2.12 LaTeX color extensions (UK)

(/usr/share/texmf-dist/tex/latex/graphics-cfg/color.cfg
File: color.cfg 2016/01/02 v1.6 sample color configuration
)
Package xcolor Info: Driver file: pdftex.def on input line 225.
Package xcolor Info: Model `cmy' substituted by `cmy0' on input line 1348.
Package xcolor Info: Model `hsb' substituted by `rgb' on input line 1352.
Package xcolor Info: Model `RGB' extended on input line 1364.
Package xcolor Info: Model `HTML' substituted by `rgb' on input line 1366.
Package xcolor Info: Model `Hsb' substituted by `hsb' on input line 1367.
Package xcolor Info: Model `tHsb' substituted by `hsb' on input line 1368.
Package xcolor Info: Model `HSB' substituted by `hsb' on input line 1369.
Package xcolor Info: Model `Gray' substituted by `gray' on input line 1370.
Package xcolor Info: Model `wave' substituted by `hsb' on input line 1371.
)
(/usr/share/texmf-dist/tex/latex/listings/listings.sty
\lst@mode=\count340
\lst@gtempboxa=\box66
\lst@token=\toks35
\lst@length=\count341
\lst@currlwidth=\dimen272
\lst@column=\count342
\lst@pos=\count343
\lst@lostspace=\dimen273
\lst@width=\dimen274
\lst@newlines=\count344
\lst@lineno=\count345
\lst@maxwidth=\dimen275

(/usr/share/texmf-dist/tex/latex/listings/lstmisc.sty
File: lstmisc.sty 2020/03/24 1.8d (Carsten Heinz)
\c@lstnumber=\count346
\lst@skipnumbers=\count347
\lst@framebox=\box67
)
(/usr/share/texmf-dist/tex/latex/listings/listings.cfg
File: listings.cfg 2020/03/24 1.8d listings configuration
))
Package: listings 2020/03/24 1.8d (Carsten Heinz)

(/usr/share/texmf-dist/tex/latex/lipsum/lipsum.sty
(/usr/share/texmf-dist/tex/latex/l3packages/xparse/xparse.sty
(/usr/share/texmf-dist/tex/latex/l3packages/xparse/xparse-2020-10-01.sty
(/usr/share/texmf-dist/tex/latex/l3packages/xparse/xparse-generic.tex)))
Package: lipsum 2021-03-03 v2.3 150 paragraphs of Lorem Ipsum dummy text

(/usr/share/texmf-dist/tex/latex/lipsum/lipsum.ltd.tex
File: lipsum.ltd.tex 2021-03-03 v2.3 The Lorem ipsum dummy text
))
(/usr/share/texmf-dist/tex/latex/minted/minted.sty
Package: minted 2017/07/19 v2.5 Yet another Pygments shim for LaTeX

(/usr/share/texmf-dist/tex/latex/fvextra/fvextra.sty
Package: fvextra 2019/02/04 v1.4 fvextra - extensions and patches for fancyvrb

(/usr/share/texmf-dist/tex/latex/base/ifthen.sty
Package: ifthen 2014/09/29 v1.1c Standard LaTeX ifthen package (DPC)
)
(/usr/share/texmf-dist/tex/latex/fancyvrb/fancyvrb.sty
Package: fancyvrb 2021/01/20 v3.7 verbatim text (tvz,hv)
\FV@CodeLineNo=\count348
\FV@InFile=\read3
\FV@TabBox=\box68
\c@FancyVerbLine=\count349
\FV@StepNumber=\count350
\FV@OutFile=\write3
)
(/usr/share/texmf-dist/tex/latex/upquote/upquote.sty
Package: upquote 2012/04/19 v1.3 upright-quote and grave-accent glyphs in verba
tim
)
(/usr/share/texmf-dist/tex/latex/lineno/lineno.sty
Package: lineno 2005/11/02 line numbers on paragraphs v4.41
\linenopenalty=\count351
\output=\toks36
\linenoprevgraf=\count352
\linenumbersep=\dimen276
\linenumberwidth=\dimen277
\c@linenumber=\count353
\c@pagewiselinenumber=\count354
\c@LN@truepage=\count355
\c@internallinenumber=\count356
\c@internallinenumbers=\count357
\quotelinenumbersep=\dimen278
\bframerule=\dimen279
\bframesep=\dimen280
\bframebox=\box69


LaTeX Warning: Command \@parboxrestore  has changed.
               Check if current package is valid.

LaTeX Info: Redefining \\ on input line 3056.
)

Package fvextra Warning: csquotes should be loaded after fvextra, to avoid a wa
rning from the lineno package on input line 37.

\c@FV@TrueTabGroupLevel=\count358
\c@FV@TrueTabCounter=\count359
\FV@TabBox@Group=\box70
\FV@TmpLength=\skip60
\c@FV@HighlightLinesStart=\count360
\c@FV@HighlightLinesStop=\count361
\FV@LoopCount=\count362
\FV@NCharsBox=\box71
\FV@BreakIndent=\dimen281
\FV@BreakIndentNChars=\count363
\FV@BreakSymbolSepLeft=\dimen282
\FV@BreakSymbolSepLeftNChars=\count364
\FV@BreakSymbolSepRight=\dimen283
\FV@BreakSymbolSepRightNChars=\count365
\FV@BreakSymbolIndentLeft=\dimen284
\FV@BreakSymbolIndentLeftNChars=\count366
\FV@BreakSymbolIndentRight=\dimen285
\FV@BreakSymbolIndentRightNChars=\count367
\c@FancyVerbLineBreakLast=\count368
\FV@LineBox=\box72
\FV@LineIndentBox=\box73
\FV@LineWidth=\dimen286
) (/usr/share/texmf-dist/tex/latex/tools/calc.sty
Package: calc 2017/05/25 v4.3 Infix arithmetic (KKT,FJ)
\calc@Acount=\count369
\calc@Bcount=\count370
\calc@Adimen=\dimen287
\calc@Bdimen=\dimen288
\calc@Askip=\skip61
\calc@Bskip=\skip62
LaTeX Info: Redefining \setlength on input line 80.
LaTeX Info: Redefining \addtolength on input line 81.
\calc@Ccount=\count371
\calc@Cskip=\skip63
)
(/usr/share/texmf-dist/tex/latex/tools/shellesc.sty
Package: shellesc 2019/11/08 v1.0c unified shell escape interface for LaTeX
Package shellesc Info: Unrestricted shell escape enabled on input line 75.
)
(/usr/share/texmf-dist/tex/latex/ifplatform/ifplatform.sty
Package: ifplatform 2017/10/13 v0.4a Testing for the operating system

(/usr/share/texmf-dist/tex/generic/catchfile/catchfile.sty
Package: catchfile 2019/12/09 v1.8 Catch the contents of a file (HO)
)
(/usr/share/texmf-dist/tex/generic/iftex/ifluatex.sty
Package: ifluatex 2019/10/25 v1.5 ifluatex legacy package. Use iftex instead.
)
runsystem(uname -s > "Innenteil.w18")...executed.

 (./Innenteil.w18)
runsystem(rm -- "Innenteil.w18")...executed.

)
(/usr/share/texmf-dist/tex/generic/xstring/xstring.sty
(/usr/share/texmf-dist/tex/generic/xstring/xstring.tex
\integerpart=\count372
\decimalpart=\count373
)
Package: xstring 2019/02/06 v1.83 String manipulations (CT)
)
(/usr/share/texmf-dist/tex/latex/framed/framed.sty
Package: framed 2011/10/22 v 0.96: framed or shaded text with page breaks
\OuterFrameSep=\skip64
\fb@frw=\dimen289
\fb@frh=\dimen290
\FrameRule=\dimen291
\FrameSep=\dimen292
)
\minted@appexistsfile=\read4
\minted@bgbox=\box74
\minted@code=\write4
\c@minted@FancyVerbLineTemp=\count374
\c@minted@pygmentizecounter=\count375
\@float@every@listing=\toks37
\c@listing=\count376
)
runsystem(mkdir -p _minted-Innenteil)...executed.


(/usr/share/texmf-dist/tex/latex/booktabs/booktabs.sty
Package: booktabs 2020/01/12 v1.61803398 Publication quality tables
\heavyrulewidth=\dimen293
\lightrulewidth=\dimen294
\cmidrulewidth=\dimen295
\belowrulesep=\dimen296
\belowbottomsep=\dimen297
\aboverulesep=\dimen298
\abovetopsep=\dimen299
\cmidrulesep=\dimen300
\cmidrulekern=\dimen301
\defaultaddspace=\dimen302
\@cmidla=\count377
\@cmidlb=\count378
\@aboverulesep=\dimen303
\@belowrulesep=\dimen304
\@thisruleclass=\count379
\@lastruleclass=\count380
\@thisrulewidth=\dimen305
)
(/usr/share/texmf-dist/tex/generic/mleftright/mleftright.sty
Package: mleftright 2019/12/03 v1.2 Math left/right delim. as open/close (HO)
))
(/usr/share/texmf-dist/tex/latex/prettyref/prettyref.sty
Package: prettyref 1998/07/09 v3.0
)
\@input{acc.aux}
\openout2 = `acc.aux'.

(./acc.tex
\g__acro_sql_int=\count381
\g__acro_ddl_int=\count382
\g__acro_dml_int=\count383
\g__acro_dcl_int=\count384
\g__acro_DBMS_int=\count385
\g__acro_RDBMS_int=\count386
\g__acro_nRDBMS_int=\count387
\g__acro_KVDB_int=\count388
\g__acro_DDB_int=\count389
\g__acro_JSON_int=\count390
) (/usr/share/texmf-dist/tex/latex/listings/lstlang1.sty
File: lstlang1.sty 2020/03/24 1.8d listings language file
)
(/usr/share/texmf-dist/tex/latex/listings/lstlang2.sty
File: lstlang2.sty 2020/03/24 1.8d listings language file
)
(/usr/share/texmf-dist/tex/latex/listings/lstlang3.sty
File: lstlang3.sty 2020/03/24 1.8d listings language file
)
\c@SeitenzahlSpeicher=\count391
Package csquotes Info: Checking for multilingual support...
Package csquotes Info: ... found 'babel' package.
Package csquotes Info: Adjusting default style.
Package csquotes Info: Redefining alias 'default' -> 'ngerman'.
runsystem(which pygmentize && touch Innenteil.aex)...executed.

runsystem(rm Innenteil.aex)...executed.

 (./Innenteil.aux
(./Titelseite.aux) (./Innenteil.acr))
\openout1 = `Innenteil.aux'.

LaTeX Font Info:    Checking defaults for OML/cmm/m/it on input line 35.
LaTeX Font Info:    ... okay on input line 35.
LaTeX Font Info:    Checking defaults for OMS/cmsy/m/n on input line 35.
LaTeX Font Info:    ... okay on input line 35.
LaTeX Font Info:    Checking defaults for OT1/cmr/m/n on input line 35.
LaTeX Font Info:    ... okay on input line 35.
LaTeX Font Info:    Checking defaults for T1/cmr/m/n on input line 35.
LaTeX Font Info:    ... okay on input line 35.
LaTeX Font Info:    Checking defaults for TS1/cmr/m/n on input line 35.
LaTeX Font Info:    ... okay on input line 35.
LaTeX Font Info:    Checking defaults for OMX/cmex/m/n on input line 35.
LaTeX Font Info:    ... okay on input line 35.
LaTeX Font Info:    Checking defaults for U/cmr/m/n on input line 35.
LaTeX Font Info:    ... okay on input line 35.
LaTeX Font Info:    Checking defaults for PD1/pdf/m/n on input line 35.
LaTeX Font Info:    ... okay on input line 35.
LaTeX Font Info:    Checking defaults for PU/pdf/m/n on input line 35.
LaTeX Font Info:    ... okay on input line 35.

(/usr/share/texmf-dist/tex/context/base/mkii/supp-pdf.mkii
[Loading MPS to PDF converter (version 2006.09.02).]
\scratchcounter=\count392
\scratchdimen=\dimen306
\scratchbox=\box75
\nofMPsegments=\count393
\nofMParguments=\count394
\everyMPshowfont=\toks38
\MPscratchCnt=\count395
\MPscratchDim=\dimen307
\MPnumerator=\count396
\makeMPintoPDFobject=\count397
\everyMPtoPDFconversion=\toks39
)
LaTeX Info: Redefining \microtypecontext on input line 35.
Package microtype Info: Generating PDF output.
Package microtype Info: Character protrusion enabled (level 2).
Package microtype Info: Using default protrusion set `alltext'.
Package microtype Info: Automatic font expansion enabled (level 2),
(microtype)             stretch: 20, shrink: 20, step: 1, non-selected.
Package microtype Info: Using default expansion set `alltext-nott'.
LaTeX Info: Redefining \showhyphens on input line 35.
Package microtype Info: No adjustment of tracking.
Package microtype Info: No adjustment of interword spacing.
Package microtype Info: No adjustment of character kerning.
 (/usr/share/texmf-dist/tex/latex/microtype/mt-cmr.cfg
File: mt-cmr.cfg 2013/05/19 v2.2 microtype config. file: Computer Modern Roman 
(RS)
)
Package hyperref Info: Link coloring OFF on input line 35.

(/usr/share/texmf-dist/tex/latex/hyperref/nameref.sty
Package: nameref 2021-04-02 v2.47 Cross-referencing by name of section

(/usr/share/texmf-dist/tex/latex/refcount/refcount.sty
Package: refcount 2019/12/15 v3.6 Data extraction from label references (HO)
)
(/usr/share/texmf-dist/tex/generic/gettitlestring/gettitlestring.sty
Package: gettitlestring 2019/12/15 v1.6 Cleanup title references (HO)
)
\c@section@level=\count398
)
LaTeX Info: Redefining \ref on input line 35.
LaTeX Info: Redefining \pageref on input line 35.
LaTeX Info: Redefining \nameref on input line 35.

(./Innenteil.out) (./Innenteil.out)
\@outlinefile=\write5
\openout5 = `Innenteil.out'.

\l__acro_aux_file_iow=\write6
\openout6 = `Innenteil.acr'.


(/usr/share/texmf-dist/tex/latex/translations/translations-basic-dictionary-ger
man.trsl
File: translations-basic-dictionary-german.trsl (german translation file `trans
lations-basic-dictionary')
)
Package translations Info: loading dictionary `translations-basic-dictionary' f
or `german'. on input line 35.

*geometry* driver: auto-detecting
*geometry* detected driver: pdftex
*geometry* verbose mode - [ preamble ] result:
* driver: pdftex
* paper: a4paper
* layout: <same size as paper>
* layoutoffset:(h,v)=(0.0pt,0.0pt)
* modes: twoside 
* h-part:(L,W,R)=(99.58464pt, 412.56497pt, 85.35826pt)
* v-part:(T,H,B)=(71.13188pt, 702.78308pt, 71.13188pt)
* \paperwidth=597.50787pt
* \paperheight=845.04684pt
* \textwidth=412.56497pt
* \textheight=702.78308pt
* \oddsidemargin=27.31465pt
* \evensidemargin=13.08827pt
* \topmargin=-38.1381pt
* \headheight=12.0pt
* \headsep=25.0pt
* \topskip=12.0pt
* \footskip=30.0pt
* \marginparwidth=85.0pt
* \marginparsep=10.0pt
* \columnsep=10.0pt
* \skip\footins=10.8pt plus 4.0pt minus 2.0pt
* \hoffset=0.0pt
* \voffset=0.0pt
* \mag=1000
* \@twocolumnfalse
* \@twosidetrue
* \@mparswitchtrue
* \@reversemarginfalse
* (1in=72.27pt=25.4mm, 1cm=28.453pt)


bibgerm.sty: babel.sty detected

(/usr/share/texmf-dist/tex/latex/base/textcomp.sty
Package: textcomp 2020/02/02 v2.0n Standard LaTeX package
)
\c@lstlisting=\count399
\openout2 = `Titelseite.aux'.

 (./Titelseite.tex
<Logo_Ursulaschule_2c.pdf, id=140, 369.8859pt x 170.7168pt>
File: Logo_Ursulaschule_2c.pdf Graphic file (type pdf)
<use Logo_Ursulaschule_2c.pdf>
Package pdftex.def Info: Logo_Ursulaschule_2c.pdf  used on input line 15.
(pdftex.def)             Requested size: 227.62204pt x 105.05922pt.
LaTeX Font Info:    Trying to load font information for U+msa on input line 18.


(/usr/share/texmf-dist/tex/latex/amsfonts/umsa.fd
File: umsa.fd 2013/01/14 v3.01 AMS symbols A
)
(/usr/share/texmf-dist/tex/latex/microtype/mt-msa.cfg
File: mt-msa.cfg 2006/02/04 v1.1 microtype config. file: AMS symbols (a) (RS)
)
LaTeX Font Info:    Trying to load font information for U+msb on input line 18.


(/usr/share/texmf-dist/tex/latex/amsfonts/umsb.fd
File: umsb.fd 2013/01/14 v3.01 AMS symbols B
)
(/usr/share/texmf-dist/tex/latex/microtype/mt-msb.cfg
File: mt-msb.cfg 2005/06/01 v1.0 microtype config. file: AMS symbols (b) (RS)
) [1








{/var/lib/texmf/fonts/map/pdftex/updmap/pdftex.map} <./Logo_Ursulaschule_2c.pdf
>]) [2


]
(./Innenteil.toc
Overfull \hbox (14.70702pt too wide) in paragraph at lines 38--38
 [][] [][]\OT1/cmr/m/n/12 (-20) Wann sind re-la-tio-na-les Da-ten-bank-ma-nag-m
ent-sys-tem (RDBMS) 
 []

)
\tf@toc=\write7
\openout7 = `Innenteil.toc'.

 [1] [2]
Underfull \vbox (badness 3428) has occurred while \output is active []

pdfTeX warning (ext4): destination with the same identifier (name{page.1}) has 
been already used, duplicate ignored
<to be read again> 
                   \relax 
l.94 	\subsection
                 {SQL - relationale Datenbanken} [1

]pdfTeX warning (ext4): destination with the same identifier (name{page.2}) has
 been already used, duplicate ignored
<to be read again> 
                   \relax 
l.101 \section
              {SQL-Datenbanken} [2]
Underfull \vbox (badness 10000) detected at line 121
 []

[3]
Overfull \hbox (34.83223pt too wide) in alignment at lines 137--149
 [] [] [] [] 
 []


Underfull \vbox (badness 10000) detected at line 149
 []


Underfull \vbox (badness 10000) detected at line 164
 []


Overfull \hbox (2.61108pt too wide) in paragraph at lines 136--166
[]$[]$ $[]$ 
 []

[4] [5]
Overfull \hbox (29.20854pt too wide) in paragraph at lines 213--237
[][] 
 []


Underfull \hbox (badness 10000) in paragraph at lines 213--237

 []

\openout3 = `Innenteil.pyg'.

(./_minted-Innenteil/default-pyg-prefix.pygstyle)
(./_minted-Innenteil/default.pygstyle)
(./_minted-Innenteil/57E3744FC23A4521CF8B8892E58DDD9EA99FF42D54CF316F97FF43A475
8CC552.pygtex
Package microtype Info: Loading generic protrusion settings for font family
(microtype)             `cmtt' (encoding: OT1).
(microtype)             For optimal results, create family-specific settings.
(microtype)             See the microtype manual for details.
LaTeX Font Info:    Font shape `OT1/cmtt/bx/n' in size <12> not available
(Font)              Font shape `OT1/cmtt/m/n' tried instead on input line 2.
 [6])
\openout3 = `Innenteil.pyg'.

 [7]
(./_minted-Innenteil/FA37289C024327B012E7DF7D2F54BA05A99FF42D54CF316F97FF43A475
8CC552.pygtex)
\openout3 = `Innenteil.pyg'.


(./_minted-Innenteil/FB33DDE93AB48308D2E477229B3727DAA99FF42D54CF316F97FF43A475
8CC552.pygtex)
Underfull \hbox (badness 10000) in paragraph at lines 293--297

 []

<../Quellen/key value Datenbank verteilt.png, id=275, 612.78937pt x 450.9347pt>

File: ../Quellen/key value Datenbank verteilt.png Graphic file (type png)
<use ../Quellen/key value Datenbank verteilt.png>
Package pdftex.def Info: ../Quellen/key value Datenbank verteilt.png  used on i
nput line 300.
(pdftex.def)             Requested size: 288.79422pt x 212.5173pt.
[8] [9pdfTeX warning (ext4): destination with the same identifier (name{figure.
1}) has been already used, duplicate ignored
<argument> ...shipout:D \box_use:N \l_shipout_box 
                                                  
l.314 					\item D
                  ie Werte der Schlssel sind Datenobjekte und werden Dokum...
 <../Quellen/key value Datenbank verteilt.png (PNG copy)>]
\openout4 = `Innenteil.pyg'.


(./_minted-Innenteil/1E8B6553FE4759FA834B6408782FEC75735E3D944CD3F42850B4E15621
E3BBE7.pygtex)
\openout4 = `Innenteil.pyg'.


(./_minted-Innenteil/13EC87DF132BD7A87C35BC94D1C3854C735E3D944CD3F42850B4E15621
E3BBE7.pygtex)
\openout4 = `Innenteil.pyg'.


(./_minted-Innenteil/F61B20EB45EFAE0E74832B3D397F79EA735E3D944CD3F42850B4E15621
E3BBE7.pygtex)
\openout4 = `Innenteil.pyg'.


(./_minted-Innenteil/A5A2A33EEBA34470C29F141DD7A0860D735E3D944CD3F42850B4E15621
E3BBE7.pygtex)
\openout4 = `Innenteil.pyg'.


(./_minted-Innenteil/51E37E817C1B2550E69CF7B5638777B6735E3D944CD3F42850B4E15621
E3BBE7.pygtex)
\openout3 = `Innenteil.pyg'.


(./_minted-Innenteil/D234650D967240CACF1F4207A9F5301387338E59D768591FA12497BF6B
032ADC.pygtex)
\openout3 = `Innenteil.pyg'.


(./_minted-Innenteil/59269C4631F99CFAD456A9D55D58ABB4735E3D944CD3F42850B4E15621
E3BBE7.pygtex)
\openout4 = `Innenteil.pyg'.


(./_minted-Innenteil/51E37E817C1B2550E69CF7B5638777B6735E3D944CD3F42850B4E15621
E3BBE7.pygtex)
\openout4 = `Innenteil.pyg'.


(./_minted-Innenteil/1125C7BC6B1D44C1B87DB281857C5705ACBB5B7006F56693EE8B2E8885
D32DF4.pygtex)
\openout4 = `Innenteil.pyg'.


(./_minted-Innenteil/1AB429D65B01100FA4DF93F26F74AFE8ACBB5B7006F56693EE8B2E8885
D32DF4.pygtex)
\openout4 = `Innenteil.pyg'.


(./_minted-Innenteil/274A7EA3C395811309C6BD992D3A0193735E3D944CD3F42850B4E15621
E3BBE7.pygtex)
\openout4 = `Innenteil.pyg'.


(./_minted-Innenteil/0EAA8932C78395F34A9A8712CA74896FACBB5B7006F56693EE8B2E8885
D32DF4.pygtex)
\openout4 = `Innenteil.pyg'.


(./_minted-Innenteil/F248824F8890B67C06092B71E4797AB4ACBB5B7006F56693EE8B2E8885
D32DF4.pygtex) [10]

Package hyperref Warning: Difference (2) between bookmark levels is greater 
(hyperref)                than one, level fixed on input line 366.


Underfull \vbox (badness 10000) has occurred while \output is active []

 [11]
[12] (./Innenteil.bbl [13

]
Underfull \hbox (badness 10000) in paragraph at lines 73--78
\OT1/cmr/m/n/12 (+20) URL: []$\OT1/cmtt/m/n/12 https : / / www . welt . de / wi
rtschaft / webwelt / article118099520 /
 []


Underfull \hbox (badness 1009) in paragraph at lines 80--83
[]\OT1/cmr/m/n/12 (+20) Dipl.-Ing. (FH) Ste-fan Lu-ber.  Was ist acid?  URL: []
$\OT1/cmtt/m/n/12 https : / / www .
 []


Underfull \hbox (badness 1242) in paragraph at lines 113--117
[]\OT1/cmr/m/n/12 (+20) Antonia Thie-le.  Deut-sche spei-chern mehr als 1000 fo
-tos auf dem
 []


Underfull \hbox (badness 1910) in paragraph at lines 113--117
\OT1/cmr/m/n/12 (+20) han-dy.  URL: []$\OT1/cmtt/m/n/12 https : / / www . welt 
. de / wirtschaft / article202489422 /
 []


Overfull \hbox (44.01526pt too wide) in paragraph at lines 113--117
\OT1/cmtt/m/n/12 Handybilder-[]Deutsche-[]speichern-[]mehr-[]als-[]1000-[]Fotos
-[]auf-[]dem-[]Smartphone .
 []

) [14]
\openout4 = `Innenteil.pyg'.


(./_minted-Innenteil/0FA14A1DC1F287F02D42BA13F966A385735E3D944CD3F42850B4E15621
E3BBE7.pygtex)
\openout4 = `Innenteil.pyg'.


(./_minted-Innenteil/6D9769BB2D5A14F23306E69729FB02FD735E3D944CD3F42850B4E15621
E3BBE7.pygtex)
Underfull \vbox (badness 10000) has occurred while \output is active []

 [15]
[16]
Underfull \hbox (badness 10000) in paragraph at lines 423--424

 []

[17] (./Innenteil.aux (./Titelseite.aux) (./Innenteil.acr))
Package rerunfilecheck Info: File `Innenteil.out' has not changed.
(rerunfilecheck)             Checksum: 90826044242F884910969ADB0B20E949;5457.
runsystem(rm Innenteil.pyg)...executed.

 ) 
Here is how much of TeX's memory you used:
 25119 strings out of 478994
 469914 string characters out of 5864751
 1124798 words of memory out of 5000000
 41884 multiletter control sequences out of 15000+600000
 418067 words of font info for 132 fonts, out of 8000000 for 9000
 1141 hyphenation exceptions out of 8191
 88i,12n,94p,1434b,778s stack positions out of 5000i,500n,10000p,200000b,80000s
{/usr/share/texmf-dist/fonts/enc/dvips/cm-super/cm-super-ts1.enc}</usr/share/
texmf-dist/fonts/type1/public/amsfonts/cm/cmbx12.pfb></usr/share/texmf-dist/fon
ts/type1/public/amsfonts/cm/cmmi12.pfb></usr/share/texmf-dist/fonts/type1/publi
c/amsfonts/cm/cmmi8.pfb></usr/share/texmf-dist/fonts/type1/public/amsfonts/cm/c
mr12.pfb></usr/share/texmf-dist/fonts/type1/public/amsfonts/cm/cmr8.pfb></usr/s
hare/texmf-dist/fonts/type1/public/amsfonts/cm/cmsy10.pfb></usr/share/texmf-dis
t/fonts/type1/public/amsfonts/cm/cmti12.pfb></usr/share/texmf-dist/fonts/type1/
public/amsfonts/cm/cmtt10.pfb></usr/share/texmf-dist/fonts/type1/public/amsfont
s/cm/cmtt12.pfb></usr/share/texmf-dist/fonts/type1/public/cm-super/sfrm1200.pfb
>
Output written on Innenteil.pdf (21 pages, 254722 bytes).
PDF statistics:
 417 PDF objects out of 1000 (max. 8388607)
 378 compressed objects within 4 object streams
 93 named destinations out of 1000 (max. 500000)
 25883 words of extra memory for PDF output out of 29859 (max. 10000000)

