\BOOKMARK [1][-]{section*.10}{\376\377\000A\000b\000k\000\374\000r\000z\000u\000n\000g\000s\000v\000e\000r\000z\000e\000i\000c\000h\000n\000i\000s}{}% 1
\BOOKMARK [1][-]{section.1}{\376\377\000E\000i\000n\000f\000\374\000h\000r\000u\000n\000g}{}% 2
\BOOKMARK [2][-]{subsection.1.1}{\376\377\000D\000a\000t\000e\000n\000m\000e\000n\000g\000e\000n\000\040\000i\000n\000\040\000u\000n\000s\000e\000r\000e\000r\000\040\000W\000e\000l\000t}{section.1}% 3
\BOOKMARK [2][-]{subsection.1.2}{\376\377\000W\000a\000s\000\040\000s\000i\000n\000d\000\040\000D\000a\000t\000e\000n\000b\000a\000n\000k\000e\000n\000\040\000u\000n\000d\000\040\000w\000a\000r\000u\000m\000\040\000b\000r\000a\000u\000c\000h\000e\000n\000\040\000w\000i\000r\000\040\000s\000i\000e\000?}{section.1}% 4
\BOOKMARK [1][-]{section.2}{\376\377\000V\000a\000r\000i\000a\000n\000t\000e\000n\000\040\000v\000o\000n\000\040\000D\000a\000t\000e\000n\000b\000a\000n\000k\000e\000n}{}% 5
\BOOKMARK [2][-]{subsection.2.1}{\376\377\000S\000Q\000L\000\040\000-\000\040\000r\000e\000l\000a\000t\000i\000o\000n\000a\000l\000e\000\040\000D\000a\000t\000e\000n\000b\000a\000n\000k\000e\000n}{section.2}% 6
\BOOKMARK [2][-]{subsection.2.2}{\376\377\000N\000o\000S\000Q\000L\000\040\000-\000\040\000n\000i\000c\000h\000t\000\040\000r\000e\000l\000a\000t\000i\000o\000n\000a\000l\000e\000\040\000D\000a\000t\000e\000n\000b\000a\000n\000k\000e\000n}{section.2}% 7
\BOOKMARK [1][-]{section.3}{\376\377\000S\000Q\000L\000-\000D\000a\000t\000e\000n\000b\000a\000n\000k\000e\000n}{}% 8
\BOOKMARK [2][-]{subsection.3.1}{\376\377\000R\000e\000l\000a\000t\000i\000o\000n\000a\000l\000e\000s\000\040\000M\000o\000d\000e\000l\000l}{section.3}% 9
\BOOKMARK [3][-]{subsubsection.3.1.1}{\376\377\000S\000c\000h\000l\000\374\000s\000s\000e\000l}{subsection.3.1}% 10
\BOOKMARK [3][-]{subsubsection.3.1.2}{\376\377\000A\000t\000t\000r\000i\000b\000u\000t}{subsection.3.1}% 11
\BOOKMARK [3][-]{subsubsection.3.1.3}{\376\377\000T\000u\000p\000e\000l}{subsection.3.1}% 12
\BOOKMARK [3][-]{subsubsection.3.1.4}{\376\377\000R\000e\000l\000a\000t\000i\000o\000n\000\040\000v\000s\000.\000\040\000T\000a\000b\000e\000l\000l\000e}{subsection.3.1}% 13
\BOOKMARK [3][-]{subsubsection.3.1.5}{\376\377\000A\000C\000I\000D\000\040\000K\000r\000i\000t\000e\000r\000i\000e\000n}{subsection.3.1}% 14
\BOOKMARK [2][-]{subsection.3.2}{\376\377\000S\000Q\000L}{section.3}% 15
\BOOKMARK [3][-]{subsubsection.3.2.1}{\376\377\000S\000y\000n\000t\000a\000x}{subsection.3.2}% 16
\BOOKMARK [1][-]{section.4}{\376\377\000N\000o\000S\000Q\000L\000-\000D\000a\000t\000e\000n\000b\000a\000n\000k\000e\000n}{}% 17
\BOOKMARK [2][-]{subsection.4.1}{\376\377\000H\000i\000s\000t\000o\000r\000i\000s\000c\000h\000e\000r\000\040\000H\000i\000n\000t\000e\000r\000g\000r\000u\000n\000d}{section.4}% 18
\BOOKMARK [2][-]{subsection.4.2}{\376\377\000E\000i\000n\000f\000\374\000h\000r\000u\000n\000g}{section.4}% 19
\BOOKMARK [2][-]{subsection.4.3}{\376\377\000k\000e\000y\000-\000v\000a\000l\000u\000e\000-\000D\000a\000t\000e\000n\000b\000a\000n\000k\000e\000n}{section.4}% 20
\BOOKMARK [3][-]{subsubsection.4.3.1}{\376\377\000E\000i\000g\000e\000n\000s\000c\000h\000a\000f\000t\000e\000n}{subsection.4.3}% 21
\BOOKMARK [2][-]{subsection.4.4}{\376\377\000D\000o\000k\000u\000m\000e\000n\000t\000-\000D\000a\000t\000e\000n\000b\000a\000n\000k\000e\000n}{section.4}% 22
\BOOKMARK [3][-]{subsubsection.4.4.1}{\376\377\000E\000i\000g\000e\000n\000s\000c\000h\000a\000f\000t\000e\000n}{subsection.4.4}% 23
\BOOKMARK [3][-]{subsubsection.4.4.2}{\376\377\000M\000o\000n\000g\000o\000D\000B\000\040\000I\000n\000t\000r\000e\000g\000r\000a\000t\000i\000o\000n\000\040\000i\000n\000\040\000L\000a\000r\000a\000v\000e\000l}{subsection.4.4}% 24
\BOOKMARK [2][-]{subsection.4.5}{\376\377\000C\000A\000P\000\040\000T\000h\000e\000o\000r\000e\000m}{section.4}% 25
\BOOKMARK [1][-]{section.5}{\376\377\000V\000e\000r\000g\000l\000e\000i\000c\000h\000\040\000v\000o\000n\000\040\000S\000Q\000L\000-\000\040\000u\000n\000d\000\040\000N\000o\000S\000Q\000L\000-\000D\000a\000t\000e\000n\000b\000a\000n\000k\000e\000n}{}% 26
\BOOKMARK [2][-]{subsubsection.5.0.1}{\376\377\000W\000a\000n\000n\000\040\000s\000i\000n\000d\000\040\000R\000D\000B\000M\000S\000\040\000g\000e\000e\000i\000g\000n\000e\000t\000?}{section.5}% 27
\BOOKMARK [3][-]{subsubsection.5.0.2}{\376\377\000W\000a\000n\000n\000\040\000s\000i\000n\000d\000\040\000n\000R\000D\000B\000M\000S\000\040\000g\000e\000e\000i\000g\000n\000e\000t\000?}{subsubsection.5.0.1}% 28
\BOOKMARK [1][-]{section.6}{\376\377\000L\000i\000t\000e\000r\000a\000t\000u\000r\000v\000e\000r\000z\000e\000i\000c\000h\000n\000i\000s}{}% 29
\BOOKMARK [1][-]{appendix.A}{\376\377\000A\000n\000h\000a\000n\000g}{}% 30
\BOOKMARK [2][-]{subsection.A.1}{\376\377\000M\000o\000n\000g\000o\000D\000B\000\040\000E\000n\000t\000w\000i\000c\000k\000l\000u\000n\000g\000s\000d\000a\000t\000e\000n\000b\000a\000n\000k\000\040\000i\000n\000\040\000d\000e\000r\000\040\000C\000l\000o\000u\000d\000\040\000h\000o\000s\000t\000e\000n}{appendix.A}% 31
\BOOKMARK [2][-]{subsection.A.2}{\376\377\000P\000o\000s\000t\000m\000a\000n\000\040\000A\000P\000I\000\040\000C\000l\000i\000e\000n\000t}{appendix.A}% 32
\BOOKMARK [2][-]{subsection.A.3}{\376\377\000J\000S\000O\000N}{appendix.A}% 33
\BOOKMARK [1][-]{appendix.B}{\376\377\000E\000i\000g\000e\000n\000s\000t\000\344\000n\000d\000i\000g\000k\000e\000i\000t\000s\000e\000r\000k\000l\000\344\000r\000u\000n\000g}{}% 34
